<?xml version="1.0" encoding="UTF-8"?>
<testng-results ignored="0" total="1" passed="1" failed="0" skipped="0">
  <reporter-output>
  </reporter-output>
  <suite started-at="2024-04-27T15:24:19 IST" name="Simple HTML-XML Suite" finished-at="2024-04-27T15:24:25 IST" duration-ms="6343">
    <groups>
    </groups>
    <test started-at="2024-04-27T15:24:19 IST" name="Simple HTML-XML test" finished-at="2024-04-27T15:24:25 IST" duration-ms="6343">
      <class name="com.personal.saucedemo.tests.LoginToApplication">
        <test-method is-config="true" signature="setup()[pri:0, instance:com.personal.saucedemo.tests.LoginToApplication@70be0a2b]" started-at="2024-04-27T15:24:19 IST" name="setup" finished-at="2024-04-27T15:24:25 IST" duration-ms="6261" status="PASS">
          <reporter-output>
          </reporter-output>
        </test-method> <!-- setup -->
        <test-method signature="test1()[pri:0, instance:com.personal.saucedemo.tests.LoginToApplication@70be0a2b]" started-at="2024-04-27T15:24:25 IST" name="test1" finished-at="2024-04-27T15:24:25 IST" duration-ms="29" status="PASS">
          <reporter-output>
          </reporter-output>
        </test-method> <!-- test1 -->
      </class> <!-- com.personal.saucedemo.tests.LoginToApplication -->
    </test> <!-- Simple HTML-XML test -->
  </suite> <!-- Simple HTML-XML Suite -->
</testng-results>
